<?xml version="1.0" encoding="utf-8"?><testsuites name="pytest tests"><testsuite name="pytest" errors="0" failures="0" skipped="0" tests="11" time="2.283" timestamp="2026-08-23T07:02:47.678119+00:00" hostname="agent-env-fa82cb70-aca1-4c74-8094-e82495c5ca9f"><testcase classname="tests.test_profile_avatar.TestDisplayNameRegression" name="test_patch_display_name_persists" time="0.745" /><testcase classname="tests.test_profile_avatar.TestAvatarUpload" name="test_get_avatar_404_before_any_upload" time="0.699" /><testcase classname="tests.test_profile_avatar.TestAvatarUpload" name="test_get_avatar_401_without_token" time="0.082" /><testcase classname="tests.test_profile_avatar.TestDisplayNameRegression" name="test_patch_ai_enabled_still_works" time="0.080" /><testcase classname="tests.test_profile_avatar.TestAvatarUpload" name="test_upload_rejects_non_image_content_type" time="0.092" /><testcase classname="tests.test_profile_avatar.TestAvatarUpload" name="test_upload_rejects_over_5mb" time="0.251" /><testcase classname="tests.test_profile_avatar.TestAvatarUpload" name="test_upload_valid_png_succeeds_and_returns_avatar_url" time="0.401" /><testcase classname="tests.test_profile_avatar.TestAvatarUpload" name="test_get_avatar_with_bearer_header_returns_image_bytes" time="0.210" /><testcase classname="tests.test_profile_avatar.TestAvatarUpload" name="test_get_avatar_with_query_token_param" time="0.143" /><testcase classname="tests.test_profile_avatar.TestAvatarUpload" name="test_get_avatar_without_any_auth_401" time="0.041" /><testcase classname="tests.test_profile_avatar.TestAvatarUpload" name="test_get_avatar_with_bad_query_token_401" time="0.040" /></testsuite></testsuites>