<?xml version="1.0" encoding="utf-8"?><testsuites name="pytest tests"><testsuite name="pytest" errors="0" failures="0" skipped="0" tests="11" time="2.182" timestamp="2026-08-28T07:16:20.696152+00:00" hostname="agent-env-fa82cb70-aca1-4c74-8094-e82495c5ca9f"><testcase classname="tests.test_gym.TestGymSetCRUD" name="test_create_set_and_verify_persistence" time="0.713" /><testcase classname="tests.test_gym.TestGymSetCRUD" name="test_create_second_and_third_set_for_autocomplete" time="0.160" /><testcase classname="tests.test_gym.TestGymSetCRUD" name="test_exercise_names_autocomplete_reflects_recent" time="0.078" /><testcase classname="tests.test_gym.TestGymSetCRUD" name="test_summary_reflects_created_sets" time="0.078" /><testcase classname="tests.test_gym.TestGymSetCRUD" name="test_patch_set_updates_reps_and_persists" time="0.154" /><testcase classname="tests.test_gym.TestGymSetCRUD" name="test_delete_set_then_get_confirms_removed" time="0.231" /><testcase classname="tests.test_gym.TestGymSetCRUD" name="test_summary_decrements_after_delete" time="0.232" /><testcase classname="tests.test_gym.TestGymValidation" name="test_create_with_empty_exercise_name_fails" time="0.083" /><testcase classname="tests.test_gym.TestGymValidation" name="test_create_with_zero_reps_fails" time="0.079" /><testcase classname="tests.test_gym.TestGymValidation" name="test_create_with_negative_weight_fails" time="0.080" /><testcase classname="tests.test_gym.TestGymValidation" name="test_patch_nonexistent_set_returns_404" time="0.242" /></testsuite></testsuites>