<?xml version="1.0" encoding="utf-8"?><testsuites name="pytest tests"><testsuite name="pytest" errors="0" failures="2" skipped="0" tests="41" time="5.110" timestamp="2026-08-23T06:46:03.665399+00:00" hostname="agent-env-fa82cb70-aca1-4c74-8094-e82495c5ca9f"><testcase classname="tests.test_lifeos_api.TestAuth" name="test_register_returns_pair_and_user" time="0.633" /><testcase classname="tests.test_lifeos_api.TestAuth" name="test_register_seeds_three_starter_tasks" time="0.040" /><testcase classname="tests.test_new_features.TestAutomations" name="test_list_seeds_three_presets_disabled" time="0.677" /><testcase classname="tests.test_lifeos_api.TestAuth" name="test_register_duplicate_returns_409_email_taken" time="0.100" /><testcase classname="tests.test_new_features.TestAutomations" name="test_list_again_does_not_reseed_duplicates" time="0.044" /><testcase classname="tests.test_new_features.TestAutomations" name="test_create_custom_automation" time="0.083" /><testcase classname="tests.test_lifeos_api.TestAuth" name="test_login_success_returns_pair" time="0.302" /><testcase classname="tests.test_new_features.TestAutomations" name="test_patch_enable_persists" time="0.535" /><testcase classname="tests.test_lifeos_api.TestAuth" name="test_login_wrong_password_generic_401" time="0.302" /><testcase classname="tests.test_new_features.TestAutomations" name="test_test_run_sets_last_run" time="0.302" /><testcase classname="tests.test_lifeos_api.TestAuth" name="test_login_unknown_email_generic_401" time="0.304" /><testcase classname="tests.test_new_features.TestAutomations" name="test_delete_automation_removes_from_list" time="0.315" /><testcase classname="tests.test_lifeos_api.TestAuth" name="test_refresh_rotates_and_old_token_reuse_is_detected" time="0.439" /><testcase classname="tests.test_new_features.TestAutomations" name="test_patch_nonexistent_404" time="0.043" /><testcase classname="tests.test_new_features.TestDocuments" name="test_create_document_and_get_persists" time="0.096" /><testcase classname="tests.test_new_features.TestDocuments" name="test_create_photo" time="0.286" /><testcase classname="tests.test_lifeos_api.TestAuth" name="test_logout_idempotent_and_refresh_fails_after" time="0.459" /><testcase classname="tests.test_new_features.TestDocuments" name="test_storage_summary_reflects_uploaded_bytes" time="0.043" /><testcase classname="tests.test_new_features.TestDocuments" name="test_backup_now_sets_last_backup_at" time="0.164" /><testcase classname="tests.test_new_features.TestDocuments" name="test_delete_document_then_404_on_relist" time="0.345" /><testcase classname="tests.test_new_features.TestDocuments" name="test_delete_nonexistent_document_404" time="0.045" /><testcase classname="tests.test_new_features.TestIntegrations" name="test_list_returns_full_catalog_not_connected_by_default" time="0.404" /><testcase classname="tests.test_new_features.TestIntegrations" name="test_connect_instagram_with_handle" time="0.043" /><testcase classname="tests.test_lifeos_api.TestAuthGuards" name="test_tasks_requires_bearer" time="0.084" /><testcase classname="tests.test_new_features.TestIntegrations" name="test_connection_state_shared_between_social_and_integrations_list" time="0.042" /><testcase classname="tests.test_lifeos_api.TestAuthGuards" name="test_health_entries_requires_bearer" time="0.041" /><testcase classname="tests.test_new_features.TestIntegrations" name="test_disconnect_instagram_reverts" time="0.082" /><testcase classname="tests.test_lifeos_api.TestAuthGuards" name="test_tasks_bad_bearer" time="0.105" /><testcase classname="tests.test_new_features.TestIntegrations" name="test_connect_without_handle_defaults" time="0.042" /><testcase classname="tests.test_new_features.TestIntegrations" name="test_connect_unknown_provider_404" time="0.043" /><testcase classname="tests.test_lifeos_api.TestAIMemory" name="test_create_and_list" time="0.238"><failure message="assert 403 == 201&#10; +  where 403 = &lt;Response [403]&gt;.status_code">backend/tests/test_lifeos_api.py:223: in test_create_and_list
    assert r.status_code == 201
E   assert 403 == 201
E    +  where 403 = &lt;Response [403]&gt;.status_code</failure></testcase><testcase classname="tests.test_lifeos_api.TestAIMemory" name="test_idempotent_per_structured_key" time="0.080"><failure message="assert 403 == 201&#10; +  where 403 = &lt;Response [403]&gt;.status_code">backend/tests/test_lifeos_api.py:241: in test_idempotent_per_structured_key
    assert r.status_code == 201
E   assert 403 == 201
E    +  where 403 = &lt;Response [403]&gt;.status_code</failure></testcase><testcase classname="tests.test_lifeos_api.TestMe" name="test_me_returns_user_and_profile_no_hash" time="0.346" /><testcase classname="tests.test_lifeos_api.TestMe" name="test_patch_profile" time="0.323" /><testcase classname="tests.test_lifeos_api.TestTasksScoping" name="test_tasks_are_scoped_per_user" time="0.343" /><testcase classname="tests.test_lifeos_api.TestMe" name="test_preferences_get_and_put_data_controls_roundtrip" time="0.240" /><testcase classname="tests.test_lifeos_api.TestTasksScoping" name="test_complete_and_reopen_task" time="0.201" /><testcase classname="tests.test_lifeos_api.TestMeta" name="test_health" time="0.079" /><testcase classname="tests.test_lifeos_api.TestHealthEntries" name="test_create_water_entry" time="0.277" /><testcase classname="tests.test_new_features.TestPreferencesForSettingsScreens" name="test_notif_prefs_roundtrip" time="0.482" /><testcase classname="tests.test_new_features.TestPreferencesForSettingsScreens" name="test_backup_prefs_frequency_roundtrip" time="0.168" /></testsuite></testsuites>