<?xml version="1.0" encoding="utf-8"?><testsuites name="pytest tests"><testsuite name="pytest" errors="0" failures="0" skipped="0" tests="10" time="18.218" timestamp="2026-08-27T16:58:08.422567+00:00" hostname="agent-env-fa82cb70-aca1-4c74-8094-e82495c5ca9f"><testcase classname="tests.test_ai_model_selection.TestAiPrefsPersistence" name="test_default_model_is_gpt" time="1.044" /><testcase classname="tests.test_ai_model_selection.TestAiPrefsPersistence" name="test_put_then_get_persists_each_model[gpt-5.4]" time="0.309" /><testcase classname="tests.test_ai_model_selection.TestAiPrefsPersistence" name="test_put_then_get_persists_each_model[claude-sonnet-5]" time="0.222" /><testcase classname="tests.test_ai_model_selection.TestAiPrefsPersistence" name="test_put_then_get_persists_each_model[claude-sonnet-4-6]" time="0.217" /><testcase classname="tests.test_ai_model_selection.TestAiPrefsPersistence" name="test_put_then_get_persists_each_model[claude-haiku-4-5]" time="0.221" /><testcase classname="tests.test_ai_model_selection.TestAiPrefsPersistence" name="test_unknown_model_key_accepted_by_schema" time="0.210" /><testcase classname="tests.test_ai_model_selection.TestSuggestionEngineEndToEnd" name="test_suggestion_generation_succeeds_for_each_model[gpt-5.4]" time="4.114" /><testcase classname="tests.test_ai_model_selection.TestSuggestionEngineEndToEnd" name="test_suggestion_generation_succeeds_for_each_model[claude-sonnet-5]" time="4.787" /><testcase classname="tests.test_ai_model_selection.TestSuggestionEngineEndToEnd" name="test_suggestion_generation_succeeds_for_each_model[claude-sonnet-4-6]" time="4.171" /><testcase classname="tests.test_ai_model_selection.TestSuggestionEngineEndToEnd" name="test_suggestion_generation_succeeds_for_each_model[claude-haiku-4-5]" time="2.868" /></testsuite></testsuites>